<?xml version="1.0" encoding="UTF-8"?>
<testsuite name="TicTacToeTest" tests="1" skipped="0" failures="0" errors="0" timestamp="2025-01-17T01:06:59" hostname="Adis-MacBook-Pro.local" time="0.033">
  <properties/>
  <testcase name="start" classname="TicTacToeTest" time="0.033"/>
  <system-out><![CDATA[?[1;31m
Start test 1?[0m
O O X 
O X X 
X O O 
]]></system-out>
  <system-err><![CDATA[]]></system-err>
</testsuite>
